2026-06-12T09:22:42.222-05:00  INFO 19412 --- [auth-service] [main] c.c.auth.AuthServiceApplication          : Starting AuthServiceApplication using Java 17.0.18 with PID 19412 (C:\Users\gctic.qv\IdeaProjects\Condominio\auth-service\target\classes started by gctic.qv in C:\Users\gctic.qv\IdeaProjects\Condominio)
2026-06-12T09:22:42.229-05:00 DEBUG 19412 --- [auth-service] [main] c.c.auth.AuthServiceApplication          : Running with Spring Boot v3.2.5, Spring v6.1.6
2026-06-12T09:22:42.231-05:00  INFO 19412 --- [auth-service] [main] c.c.auth.AuthServiceApplication          : The following 1 profile is active: "dev"
2026-06-12T09:22:43.832-05:00  INFO 19412 --- [auth-service] [main] .s.d.r.c.RepositoryConfigurationDelegate : Bootstrapping Spring Data JPA repositories in DEFAULT mode.
2026-06-12T09:22:43.956-05:00  INFO 19412 --- [auth-service] [main] .s.d.r.c.RepositoryConfigurationDelegate : Finished Spring Data repository scanning in 98 ms. Found 2 JPA repository interfaces.
2026-06-12T09:22:44.269-05:00  INFO 19412 --- [auth-service] [main] o.s.cloud.context.scope.GenericScope     : BeanFactory id=9c585603-2601-3231-87e5-53aa45dfe6fe
2026-06-12T09:22:45.113-05:00  INFO 19412 --- [auth-service] [main] o.s.b.w.embedded.tomcat.TomcatWebServer  : Tomcat initialized with port 8081 (http)
2026-06-12T09:22:45.273-05:00  INFO 19412 --- [auth-service] [main] w.s.c.ServletWebServerApplicationContext : Root WebApplicationContext: initialization completed in 2948 ms
2026-06-12T09:22:45.444-05:00  INFO 19412 --- [auth-service] [main] com.zaxxer.hikari.HikariDataSource       : HikariPool-1 - Starting...
2026-06-12T09:22:45.744-05:00  INFO 19412 --- [auth-service] [main] com.zaxxer.hikari.pool.HikariPool        : HikariPool-1 - Added connection org.postgresql.jdbc.PgConnection@3a9b41a0
2026-06-12T09:22:45.747-05:00  INFO 19412 --- [auth-service] [main] com.zaxxer.hikari.HikariDataSource       : HikariPool-1 - Start completed.
2026-06-12T09:22:45.875-05:00  INFO 19412 --- [auth-service] [main] o.f.c.internal.license.VersionPrinter    : Flyway Community Edition 9.22.3 by Redgate
2026-06-12T09:22:45.875-05:00  INFO 19412 --- [auth-service] [main] o.f.c.internal.license.VersionPrinter    : See release notes here: https://rd.gt/416ObMi
2026-06-12T09:22:45.875-05:00  INFO 19412 --- [auth-service] [main] o.f.c.internal.license.VersionPrinter    : 
2026-06-12T09:22:45.904-05:00  INFO 19412 --- [auth-service] [main] org.flywaydb.core.FlywayExecutor         : Database: jdbc:postgresql://localhost:5433/condominio_auth (PostgreSQL 16.14)
2026-06-12T09:22:45.920-05:00  WARN 19412 --- [auth-service] [main] o.f.c.internal.database.base.Database    : Flyway upgrade recommended: PostgreSQL 16.14 is newer than this version of Flyway and support has not been tested. The latest supported version of PostgreSQL is 15.
2026-06-12T09:22:45.984-05:00  INFO 19412 --- [auth-service] [main] o.f.core.internal.command.DbValidate     : Successfully validated 1 migration (execution time 00:00.049s)
2026-06-12T09:22:46.019-05:00  INFO 19412 --- [auth-service] [main] o.f.core.internal.command.DbMigrate      : Current version of schema "public": 1
2026-06-12T09:22:46.030-05:00  INFO 19412 --- [auth-service] [main] o.f.core.internal.command.DbMigrate      : Schema "public" is up to date. No migration necessary.
2026-06-12T09:22:46.220-05:00  INFO 19412 --- [auth-service] [main] o.hibernate.jpa.internal.util.LogHelper  : HHH000204: Processing PersistenceUnitInfo [name: default]
2026-06-12T09:22:46.364-05:00  INFO 19412 --- [auth-service] [main] org.hibernate.Version                    : HHH000412: Hibernate ORM core version 6.4.4.Final
2026-06-12T09:22:46.454-05:00  INFO 19412 --- [auth-service] [main] o.h.c.internal.RegionFactoryInitiator    : HHH000026: Second-level cache disabled
2026-06-12T09:22:46.864-05:00  INFO 19412 --- [auth-service] [main] o.s.o.j.p.SpringPersistenceUnitInfo      : No LoadTimeWeaver setup: ignoring JPA class transformer
2026-06-12T09:22:47.909-05:00  INFO 19412 --- [auth-service] [main] o.h.e.t.j.p.i.JtaPlatformInitiator       : HHH000489: No JTA platform available (set 'hibernate.transaction.jta.platform' to enable JTA platform integration)
2026-06-12T09:22:47.982-05:00  INFO 19412 --- [auth-service] [main] j.LocalContainerEntityManagerFactoryBean : Initialized JPA EntityManagerFactory for persistence unit 'default'
2026-06-12T09:22:48.367-05:00 DEBUG 19412 --- [auth-service] [main] com.condominio.auth.security.JwtFilter   : Filter 'jwtFilter' configured for use
2026-06-12T09:22:48.686-05:00  WARN 19412 --- [auth-service] [main] JpaBaseConfiguration$JpaWebConfiguration : spring.jpa.open-in-view is enabled by default. Therefore, database queries may be performed during view rendering. Explicitly configure spring.jpa.open-in-view to disable this warning
2026-06-12T09:22:48.819-05:00  INFO 19412 --- [auth-service] [main] o.s.d.j.r.query.QueryEnhancerFactory     : Hibernate is in classpath; If applicable, HQL parser will be used.
